<?xml version="1.0" encoding="UTF-8"?>
<testng-results ignored="7" total="8" passed="1" failed="0" skipped="0">
  <reporter-output>
  </reporter-output>
  <suite started-at="2021-03-09T17:49:50Z" name="Regression Suite" finished-at="2021-03-09T17:49:55Z" duration-ms="4579">
    <groups>
    </groups>
    <test started-at="2021-03-09T17:49:50Z" name="Test" finished-at="2021-03-09T17:49:55Z" duration-ms="4579">
      <class name="api_WebServices.Get_Request">
        <test-method is-config="true" signature="setUp()[pri:0, instance:api_WebServices.Get_Request@58cd06cb]" started-at="2021-03-09T17:49:51Z" name="setUp" finished-at="2021-03-09T17:49:51Z" duration-ms="0" status="PASS">
          <reporter-output>
          </reporter-output>
        </test-method> <!-- setUp -->
        <test-method signature="getRequest_StatusCode(java.util.Hashtable)[pri:1, instance:api_WebServices.Get_Request@58cd06cb]" started-at="2021-03-09T17:49:51Z" name="getRequest_StatusCode" description="Executing from Excel" finished-at="2021-03-09T17:49:55Z" duration-ms="4316" status="PASS">
          <params>
            <param index="0">
              <value>
                <![CDATA[{pathLocator=/workspaces, username=, SearchField=, headerKey=X-Api-Key, firstname=, headerValue=PMAK-60420c0b4c2f88004338da18-bafadb03214df204b77ec3c6faadcf96a5, baseUri=https://api.postman.com, execute=yes, password=, TestCaseName=getRequest_StatusCode}]]>
              </value>
            </param>
          </params>
          <reporter-output>
          </reporter-output>
        </test-method> <!-- getRequest_StatusCode -->
        <test-method is-config="true" signature="tearDown()[pri:0, instance:api_WebServices.Get_Request@58cd06cb]" started-at="2021-03-09T17:49:55Z" name="tearDown" finished-at="2021-03-09T17:49:55Z" duration-ms="1" status="PASS">
          <reporter-output>
          </reporter-output>
        </test-method> <!-- tearDown -->
      </class> <!-- api_WebServices.Get_Request -->
      <class name="com.training.testcases.BaseTest">
        <test-method is-config="true" signature="setUpSuite()[pri:0, instance:com.training.testcases.BaseTest@7a34b7b8]" started-at="2021-03-09T17:49:50Z" name="setUpSuite" finished-at="2021-03-09T17:49:50Z" duration-ms="230" status="PASS">
          <reporter-output>
          </reporter-output>
        </test-method> <!-- setUpSuite -->
        <test-method is-config="true" signature="tearDownSuite()[pri:0, instance:com.training.testcases.BaseTest@7a34b7b8]" started-at="2021-03-09T17:49:50Z" name="tearDownSuite" finished-at="2021-03-09T17:49:50Z" duration-ms="326" status="PASS">
          <reporter-output>
          </reporter-output>
        </test-method> <!-- tearDownSuite -->
      </class> <!-- com.training.testcases.BaseTest -->
    </test> <!-- Test -->
  </suite> <!-- Regression Suite -->
</testng-results>
