<?xml version="1.0" encoding="UTF-8"?>
<!-- Generated by org.testng.reporters.JUnitXMLReporter -->
<testsuite hostname="NT0010" ignored="4" name="Test" tests="1" failures="0" timestamp="04 Mar 2021 18:00:58 GMT" time="12.727" errors="0">
  <testcase name="amazon1" time="11.766" classname="com.training.testcases.LoginTests"/>
  <testcase name="@BeforeSuite tearDownSuite" time="0.0" classname="com.training.testcases.BaseTest">
    <ignored/>
  </testcase> <!-- @BeforeSuite tearDownSuite -->
  <testcase name="@BeforeSuite tearDownSuite" time="0.0" classname="com.training.testcases.BaseTest">
    <ignored/>
  </testcase> <!-- @BeforeSuite tearDownSuite -->
  <testcase name="@BeforeSuite setUpSuite" time="0.0" classname="com.training.testcases.BaseTest">
    <ignored/>
  </testcase> <!-- @BeforeSuite setUpSuite -->
  <testcase name="@BeforeSuite setUpSuite" time="0.0" classname="com.training.testcases.BaseTest">
    <ignored/>
  </testcase> <!-- @BeforeSuite setUpSuite -->
</testsuite> <!-- Test -->
