<?xml version="1.0" encoding="UTF-8"?>
<!-- Generated by org.testng.reporters.JUnitXMLReporter -->
<testsuite hostname="NT0010" ignored="7" name="Test" tests="1" failures="0" timestamp="2021-03-08T20:48:14 AST" time="4.098" errors="0">
  <testcase name="getRequest_StatusCode" time="3.883" classname="api_WebServices.Get_Request"/>
  <testcase name="@BeforeSuite tearDownSuite" time="0.0" classname="com.training.testcases.BaseTest">
    <ignored/>
  </testcase> <!-- @BeforeSuite tearDownSuite -->
  <testcase name="@BeforeSuite tearDownSuite" time="0.0" classname="com.training.testcases.BaseTest">
    <ignored/>
  </testcase> <!-- @BeforeSuite tearDownSuite -->
  <testcase name="@BeforeSuite tearDownSuite" time="0.0" classname="com.training.testcases.BaseTest">
    <ignored/>
  </testcase> <!-- @BeforeSuite tearDownSuite -->
  <testcase name="amazon1" time="0.0" classname="com.training.testcases.LoginTests">
    <ignored/>
  </testcase> <!-- amazon1 -->
  <testcase name="@BeforeSuite setUpSuite" time="0.0" classname="com.training.testcases.BaseTest">
    <ignored/>
  </testcase> <!-- @BeforeSuite setUpSuite -->
  <testcase name="@BeforeSuite setUpSuite" time="0.0" classname="com.training.testcases.BaseTest">
    <ignored/>
  </testcase> <!-- @BeforeSuite setUpSuite -->
  <testcase name="@BeforeSuite setUpSuite" time="0.0" classname="com.training.testcases.BaseTest">
    <ignored/>
  </testcase> <!-- @BeforeSuite setUpSuite -->
</testsuite> <!-- Test -->
